# JRE version: Java(TM) SE Runtime Environment (22.0.1+8) (build 22.0.1+8-16)
# Java VM: Java HotSpot(TM) 64-Bit Server VM (22.0.1+8-16, mixed mode, sharing, tiered, compressed oops, compressed class ptrs, g1 gc, windows-amd64)
GC Precious Log:
 CardTable entry size: 512
 Card Set container configuration: InlinePtr #cards 4 size 8 Array Of Cards #cards 16 size 48 Howl #buckets 8 coarsen threshold 3686 Howl Bitmap #cards 512 size 80 coarsen threshold 460 Card regions per heap region 1 cards per card region 4096
 CPUs: 16 total, 16 available
 Memory: 15791M
 Large Page Support: Disabled
 NUMA Support: Disabled
 Compressed Oops: Enabled (Zero based)
 Heap Region Size: 2M
 Heap Min Capacity: 8M
 Heap Initial Capacity: 248M
 Heap Max Capacity: 3948M
 Pre-touch: Disabled
 Parallel Workers: 13
 Concurrent Workers: 3
 Concurrent Refinement Workers: 13
 Periodic GC: Disabled
Heap:
 garbage-first heap   total reserved 4042752K, committed 153600K, used 49923K [0x0000000709400000, 0x0000000800000000)
  region size 2048K, 11 young (22528K), 1 survivors (2048K)
 Metaspace       used 44255K, committed 44736K, reserved 1114112K
  class space    used 5054K, committed 5248K, reserved 1048576K
GC Heap History (20 events):
Event: 320.670 GC heap before
{Heap before GC invocations=70 (full 0):
 garbage-first heap   total reserved 4042752K, committed 153600K, used 121150K [0x0000000709400000, 0x0000000800000000)
  region size 2048K, 45 young (92160K), 1 survivors (2048K)
 Metaspace       used 43087K, committed 43520K, reserved 1114112K
  class space    used 4882K, committed 5056K, reserved 1048576K
}
Event: 320.671 GC heap after
{Heap after GC invocations=71 (full 0):
 garbage-first heap   total reserved 4042752K, committed 153600K, used 33123K [0x0000000709400000, 0x0000000800000000)
  region size 2048K, 1 young (2048K), 1 survivors (2048K)
 Metaspace       used 43087K, committed 43520K, reserved 1114112K
  class space    used 4882K, committed 5056K, reserved 1048576K
}
Event: 321.473 GC heap before
{Heap before GC invocations=71 (full 0):
 garbage-first heap   total reserved 4042752K, committed 153600K, used 121187K [0x0000000709400000, 0x0000000800000000)
  region size 2048K, 45 young (92160K), 1 survivors (2048K)
 Metaspace       used 43087K, committed 43520K, reserved 1114112K
  class space    used 4882K, committed 5056K, reserved 1048576K
}
Event: 321.475 GC heap after
{Heap after GC invocations=72 (full 0):
 garbage-first heap   total reserved 4042752K, committed 153600K, used 33142K [0x0000000709400000, 0x0000000800000000)
  region size 2048K, 1 young (2048K), 1 survivors (2048K)
 Metaspace       used 43087K, committed 43520K, reserved 1114112K
  class space    used 4882K, committed 5056K, reserved 1048576K
}
Event: 322.270 GC heap before
{Heap before GC invocations=72 (full 0):
 garbage-first heap   total reserved 4042752K, committed 153600K, used 121206K [0x0000000709400000, 0x0000000800000000)
  region size 2048K, 45 young (92160K), 1 survivors (2048K)
 Metaspace       used 43087K, committed 43520K, reserved 1114112K
  class space    used 4882K, committed 5056K, reserved 1048576K
}
Event: 322.272 GC heap after
{Heap after GC invocations=73 (full 0):
 garbage-first heap   total reserved 4042752K, committed 153600K, used 33220K [0x0000000709400000, 0x0000000800000000)
  region size 2048K, 1 young (2048K), 1 survivors (2048K)
 Metaspace       used 43087K, committed 43520K, reserved 1114112K
  class space    used 4882K, committed 5056K, reserved 1048576K
}
Event: 323.156 GC heap before
{Heap before GC invocations=73 (full 0):
 garbage-first heap   total reserved 4042752K, committed 153600K, used 121284K [0x0000000709400000, 0x0000000800000000)
  region size 2048K, 45 young (92160K), 1 survivors (2048K)
 Metaspace       used 43087K, committed 43520K, reserved 1114112K
  class space    used 4882K, committed 5056K, reserved 1048576K
}
Event: 323.157 GC heap after
{Heap after GC invocations=74 (full 0):
 garbage-first heap   total reserved 4042752K, committed 153600K, used 33167K [0x0000000709400000, 0x0000000800000000)
  region size 2048K, 1 young (2048K), 1 survivors (2048K)
 Metaspace       used 43087K, committed 43520K, reserved 1114112K
  class space    used 4882K, committed 5056K, reserved 1048576K
}
Event: 323.989 GC heap before
{Heap before GC invocations=74 (full 0):
 garbage-first heap   total reserved 4042752K, committed 153600K, used 121231K [0x0000000709400000, 0x0000000800000000)
  region size 2048K, 45 young (92160K), 1 survivors (2048K)
 Metaspace       used 43088K, committed 43520K, reserved 1114112K
  class space    used 4882K, committed 5056K, reserved 1048576K
}
Event: 323.990 GC heap after
{Heap after GC invocations=75 (full 0):
 garbage-first heap   total reserved 4042752K, committed 153600K, used 33208K [0x0000000709400000, 0x0000000800000000)
  region size 2048K, 1 young (2048K), 1 survivors (2048K)
 Metaspace       used 43088K, committed 43520K, reserved 1114112K
  class space    used 4882K, committed 5056K, reserved 1048576K
}
Event: 324.849 GC heap before
{Heap before GC invocations=75 (full 0):
 garbage-first heap   total reserved 4042752K, committed 153600K, used 121272K [0x0000000709400000, 0x0000000800000000)
  region size 2048K, 45 young (92160K), 1 survivors (2048K)
 Metaspace       used 43088K, committed 43520K, reserved 1114112K
  class space    used 4882K, committed 5056K, reserved 1048576K
}
Event: 324.851 GC heap after
{Heap after GC invocations=76 (full 0):
 garbage-first heap   total reserved 4042752K, committed 153600K, used 33227K [0x0000000709400000, 0x0000000800000000)
  region size 2048K, 1 young (2048K), 1 survivors (2048K)
 Metaspace       used 43088K, committed 43520K, reserved 1114112K
  class space    used 4882K, committed 5056K, reserved 1048576K
}
Event: 325.737 GC heap before
{Heap before GC invocations=76 (full 0):
 garbage-first heap   total reserved 4042752K, committed 153600K, used 121291K [0x0000000709400000, 0x0000000800000000)
  region size 2048K, 45 young (92160K), 1 survivors (2048K)
 Metaspace       used 43088K, committed 43520K, reserved 1114112K
  class space    used 4882K, committed 5056K, reserved 1048576K
}
Event: 325.738 GC heap after
{Heap after GC invocations=77 (full 0):
 garbage-first heap   total reserved 4042752K, committed 153600K, used 33319K [0x0000000709400000, 0x0000000800000000)
  region size 2048K, 1 young (2048K), 1 survivors (2048K)
 Metaspace       used 43088K, committed 43520K, reserved 1114112K
  class space    used 4882K, committed 5056K, reserved 1048576K
}
Event: 326.634 GC heap before
{Heap before GC invocations=77 (full 0):
 garbage-first heap   total reserved 4042752K, committed 153600K, used 121383K [0x0000000709400000, 0x0000000800000000)
  region size 2048K, 45 young (92160K), 1 survivors (2048K)
 Metaspace       used 43105K, committed 43520K, reserved 1114112K
  class space    used 4884K, committed 5056K, reserved 1048576K
}
Event: 326.635 GC heap after
{Heap after GC invocations=78 (full 0):
 garbage-first heap   total reserved 4042752K, committed 153600K, used 33483K [0x0000000709400000, 0x0000000800000000)
  region size 2048K, 1 young (2048K), 1 survivors (2048K)
 Metaspace       used 43105K, committed 43520K, reserved 1114112K
  class space    used 4884K, committed 5056K, reserved 1048576K
}
Event: 327.461 GC heap before
{Heap before GC invocations=78 (full 0):
 garbage-first heap   total reserved 4042752K, committed 153600K, used 121547K [0x0000000709400000, 0x0000000800000000)
  region size 2048K, 45 young (92160K), 1 survivors (2048K)
 Metaspace       used 43105K, committed 43520K, reserved 1114112K
  class space    used 4884K, committed 5056K, reserved 1048576K
}
Event: 327.462 GC heap after
{Heap after GC invocations=79 (full 0):
 garbage-first heap   total reserved 4042752K, committed 153600K, used 33510K [0x0000000709400000, 0x0000000800000000)
  region size 2048K, 1 young (2048K), 1 survivors (2048K)
 Metaspace       used 43105K, committed 43520K, reserved 1114112K
  class space    used 4884K, committed 5056K, reserved 1048576K
}
Event: 328.363 GC heap before
{Heap before GC invocations=79 (full 0):
 garbage-first heap   total reserved 4042752K, committed 153600K, used 121574K [0x0000000709400000, 0x0000000800000000)
  region size 2048K, 45 young (92160K), 1 survivors (2048K)
 Metaspace       used 43105K, committed 43520K, reserved 1114112K
  class space    used 4884K, committed 5056K, reserved 1048576K
}
Event: 328.365 GC heap after
{Heap after GC invocations=80 (full 0):
 garbage-first heap   total reserved 4042752K, committed 153600K, used 33539K [0x0000000709400000, 0x0000000800000000)
  region size 2048K, 1 young (2048K), 1 survivors (2048K)
 Metaspace       used 43105K, committed 43520K, reserved 1114112K
  class space    used 4884K, committed 5056K, reserved 1048576K
}

